app/build/intermediates/manifest_merge_blame_file/debug/manifest-merger-blame-debug-report.txt
1<?xml version="1.0" encoding="utf-8"?>
2<manifest xmlns:android="http://schemas.android.com/apk/res/android"
3    package="com.igor.jetpackcompose"
4    android:versionCode="1"
5    android:versionName="1.0" >
6
7    <uses-sdk
8        android:minSdkVersion="26"
8-->src/main/AndroidManifest.xml
9        android:targetSdkVersion="31" />
9-->src/main/AndroidManifest.xml
10
11    <application
11-->src/main/AndroidManifest.xml:5:5-48:19
12        android:allowBackup="true"
12-->src/main/AndroidManifest.xml:6:9-35
13        android:appComponentFactory="androidx.core.app.CoreComponentFactory"
13-->[androidx.core:core:1.7.0] AndroidManifest.xml:24:18-86
14        android:debuggable="true"
15        android:extractNativeLibs="false"
16        android:icon="@mipmap/ic_launcher"
16-->src/main/AndroidManifest.xml:7:9-43
17        android:label="@string/app_name"
17-->src/main/AndroidManifest.xml:8:9-41
18        android:roundIcon="@mipmap/ic_launcher_round"
18-->src/main/AndroidManifest.xml:9:9-54
19        android:supportsRtl="true"
19-->src/main/AndroidManifest.xml:10:9-35
20        android:testOnly="true"
21        android:theme="@style/Theme.JetpackCompose" >
21-->src/main/AndroidManifest.xml:11:9-52
22        <activity
22-->src/main/AndroidManifest.xml:12:9-16:71
23            android:name="com.igor.jetpackcompose.BoxLayoutActivity"
23-->src/main/AndroidManifest.xml:13:13-46
24            android:exported="true"
24-->src/main/AndroidManifest.xml:14:13-36
25            android:label="@string/title_activity_box_layout"
25-->src/main/AndroidManifest.xml:15:13-62
26            android:theme="@style/Theme.JetpackCompose.NoActionBar" />
26-->src/main/AndroidManifest.xml:16:13-68
27        <activity
27-->src/main/AndroidManifest.xml:17:9-21:71
28            android:name="com.igor.jetpackcompose.RowActivity"
28-->src/main/AndroidManifest.xml:18:13-40
29            android:exported="false"
29-->src/main/AndroidManifest.xml:19:13-37
30            android:label="@string/title_activity_row"
30-->src/main/AndroidManifest.xml:20:13-55
31            android:theme="@style/Theme.JetpackCompose.NoActionBar" />
31-->src/main/AndroidManifest.xml:21:13-68
32        <activity
32-->src/main/AndroidManifest.xml:22:9-26:71
33            android:name="com.igor.jetpackcompose.ColumnActivity"
33-->src/main/AndroidManifest.xml:23:13-43
34            android:exported="false"
34-->src/main/AndroidManifest.xml:24:13-37
35            android:label="@string/title_activity_column"
35-->src/main/AndroidManifest.xml:25:13-58
36            android:theme="@style/Theme.JetpackCompose.NoActionBar" />
36-->src/main/AndroidManifest.xml:26:13-68
37        <activity
37-->src/main/AndroidManifest.xml:27:9-31:71
38            android:name="com.igor.jetpackcompose.MessagesListActivity"
38-->src/main/AndroidManifest.xml:28:13-49
39            android:exported="false"
39-->src/main/AndroidManifest.xml:29:13-37
40            android:label="@string/title_activity_messages_list"
40-->src/main/AndroidManifest.xml:30:13-65
41            android:theme="@style/Theme.JetpackCompose.NoActionBar" />
41-->src/main/AndroidManifest.xml:31:13-68
42        <activity
42-->src/main/AndroidManifest.xml:32:9-36:71
43            android:name="com.igor.jetpackcompose.OneMessageActivity"
43-->src/main/AndroidManifest.xml:33:13-47
44            android:exported="false"
44-->src/main/AndroidManifest.xml:34:13-37
45            android:label="@string/title_activity_one_message"
45-->src/main/AndroidManifest.xml:35:13-63
46            android:theme="@style/Theme.JetpackCompose.NoActionBar" />
46-->src/main/AndroidManifest.xml:36:13-68
47        <activity
47-->src/main/AndroidManifest.xml:37:9-47:20
48            android:name="com.igor.jetpackcompose.MainActivity"
48-->src/main/AndroidManifest.xml:38:13-41
49            android:exported="true"
49-->src/main/AndroidManifest.xml:39:13-36
50            android:label="@string/app_name"
50-->src/main/AndroidManifest.xml:40:13-45
51            android:theme="@style/Theme.JetpackCompose.NoActionBar" >
51-->src/main/AndroidManifest.xml:41:13-68
52            <intent-filter>
52-->src/main/AndroidManifest.xml:42:13-46:29
53                <action android:name="android.intent.action.MAIN" />
53-->src/main/AndroidManifest.xml:43:17-69
53-->src/main/AndroidManifest.xml:43:25-66
54
55                <category android:name="android.intent.category.LAUNCHER" />
55-->src/main/AndroidManifest.xml:45:17-77
55-->src/main/AndroidManifest.xml:45:27-74
56            </intent-filter>
57        </activity>
58        <activity
58-->[androidx.compose.ui:ui-tooling:1.0.5] AndroidManifest.xml:25:9-27:39
59            android:name="androidx.compose.ui.tooling.PreviewActivity"
59-->[androidx.compose.ui:ui-tooling:1.0.5] AndroidManifest.xml:26:13-71
60            android:exported="true" />
60-->[androidx.compose.ui:ui-tooling:1.0.5] AndroidManifest.xml:27:13-36
61
62        <provider
62-->[androidx.emoji2:emoji2:1.0.0] AndroidManifest.xml:26:9-34:20
63            android:name="androidx.startup.InitializationProvider"
63-->[androidx.emoji2:emoji2:1.0.0] AndroidManifest.xml:27:13-67
64            android:authorities="com.igor.jetpackcompose.androidx-startup"
64-->[androidx.emoji2:emoji2:1.0.0] AndroidManifest.xml:28:13-68
65            android:exported="false" >
65-->[androidx.emoji2:emoji2:1.0.0] AndroidManifest.xml:29:13-37
66            <meta-data
66-->[androidx.emoji2:emoji2:1.0.0] AndroidManifest.xml:31:13-33:52
67                android:name="androidx.emoji2.text.EmojiCompatInitializer"
67-->[androidx.emoji2:emoji2:1.0.0] AndroidManifest.xml:32:17-75
68                android:value="androidx.startup" />
68-->[androidx.emoji2:emoji2:1.0.0] AndroidManifest.xml:33:17-49
69            <meta-data
69-->[androidx.lifecycle:lifecycle-process:2.4.0] AndroidManifest.xml:31:13-33:52
70                android:name="androidx.lifecycle.ProcessLifecycleInitializer"
70-->[androidx.lifecycle:lifecycle-process:2.4.0] AndroidManifest.xml:32:17-78
71                android:value="androidx.startup" />
71-->[androidx.lifecycle:lifecycle-process:2.4.0] AndroidManifest.xml:33:17-49
72            <meta-data
72-->[androidx.profileinstaller:profileinstaller:1.0.4] AndroidManifest.xml:31:13-33:52
73                android:name="androidx.profileinstaller.ProfileInstallerInitializer"
73-->[androidx.profileinstaller:profileinstaller:1.0.4] AndroidManifest.xml:32:17-85
74                android:value="androidx.startup" />
74-->[androidx.profileinstaller:profileinstaller:1.0.4] AndroidManifest.xml:33:17-49
75        </provider>
76
77        <receiver
77-->[androidx.profileinstaller:profileinstaller:1.0.4] AndroidManifest.xml:36:9-45:20
78            android:name="androidx.profileinstaller.ProfileInstallReceiver"
78-->[androidx.profileinstaller:profileinstaller:1.0.4] AndroidManifest.xml:37:13-76
79            android:directBootAware="false"
79-->[androidx.profileinstaller:profileinstaller:1.0.4] AndroidManifest.xml:38:13-44
80            android:enabled="true"
80-->[androidx.profileinstaller:profileinstaller:1.0.4] AndroidManifest.xml:39:13-35
81            android:exported="true"
81-->[androidx.profileinstaller:profileinstaller:1.0.4] AndroidManifest.xml:40:13-36
82            android:permission="android.permission.DUMP" >
82-->[androidx.profileinstaller:profileinstaller:1.0.4] AndroidManifest.xml:41:13-57
83            <intent-filter>
83-->[androidx.profileinstaller:profileinstaller:1.0.4] AndroidManifest.xml:42:13-44:29
84                <action android:name="androidx.profileinstaller.action.INSTALL_PROFILE" />
84-->[androidx.profileinstaller:profileinstaller:1.0.4] AndroidManifest.xml:43:17-91
84-->[androidx.profileinstaller:profileinstaller:1.0.4] AndroidManifest.xml:43:25-88
85            </intent-filter>
86        </receiver>
87    </application>
88
89</manifest>